Build started 3/19/2016 3:17:29 AM.
     1>Project "D:\Users\Julia\Desktop\Cornell Cup\CornellCup2016\mini-modbot-vision\TerrainCalib\TerrainCalib\TerrainCalib.vcxproj" on node 2 (Build target(s)).
     1>ClCompile:
         D:\Program Files (x86)\Microsoft Visual Studio 12.0\VC\bin\CL.exe /c /I"D:\Users\Julia\Desktop\Cornell Cup\CornellCup2016\mini-modbot-vision\TerrainCalib\TerrainCalib\..\opencv\build\include" /ZI /nologo /W3 /WX- /sdl /Od /Oy- /D WIN32 /D _DEBUG /D _CONSOLE /D _LIB /D _UNICODE /D UNICODE /Gm /EHsc /RTC1 /MDd /GS /fp:precise /Zc:wchar_t /Zc:forScope /Yu"stdafx.h" /Fp"Debug\TerrainCalib.pch" /Fo"Debug\\" /Fd"Debug\vc120.pdb" /Gd /TP /analyze- /errorReport:prompt TerrainCalib.cpp
         TerrainCalib.cpp
     1>d:\users\julia\desktop\cornell cup\cornellcup2016\mini-modbot-vision\terraincalib\terraincalib\terraincalib.h(3): warning C4067: unexpected tokens following preprocessor directive - expected a newline
     1>d:\users\julia\desktop\cornell cup\cornellcup2016\mini-modbot-vision\terraincalib\terraincalib\terraincalib.cpp(61): warning C4244: 'initializing' : conversion from 'double' to 'float', possible loss of data
     1>d:\users\julia\desktop\cornell cup\cornellcup2016\mini-modbot-vision\terraincalib\terraincalib\terraincalib.cpp(62): warning C4244: 'initializing' : conversion from 'double' to 'float', possible loss of data
     1>d:\users\julia\desktop\cornell cup\cornellcup2016\mini-modbot-vision\terraincalib\terraincalib\terraincalib.cpp(80): warning C4018: '<' : signed/unsigned mismatch
     1>d:\users\julia\desktop\cornell cup\cornellcup2016\mini-modbot-vision\terraincalib\terraincalib\terraincalib.cpp(84): warning C4258: 'i' : definition from the for loop is ignored; the definition from the enclosing scope is used
                 d:\users\julia\desktop\cornell cup\cornellcup2016\mini-modbot-vision\terraincalib\terraincalib\terraincalib.cpp(80) : definition of 'i' ignored
                 d:\users\julia\desktop\cornell cup\cornellcup2016\mini-modbot-vision\terraincalib\terraincalib\terraincalib.cpp(49) : definition of 'i' used
     1>d:\users\julia\desktop\cornell cup\cornellcup2016\mini-modbot-vision\terraincalib\terraincalib\terraincalib.cpp(85): warning C4258: 'i' : definition from the for loop is ignored; the definition from the enclosing scope is used
                 d:\users\julia\desktop\cornell cup\cornellcup2016\mini-modbot-vision\terraincalib\terraincalib\terraincalib.cpp(80) : definition of 'i' ignored
                 d:\users\julia\desktop\cornell cup\cornellcup2016\mini-modbot-vision\terraincalib\terraincalib\terraincalib.cpp(49) : definition of 'i' used
     1>d:\users\julia\desktop\cornell cup\cornellcup2016\mini-modbot-vision\terraincalib\terraincalib\terraincalib.cpp(100): warning C4018: '<' : signed/unsigned mismatch
       Link:
         D:\Program Files (x86)\Microsoft Visual Studio 12.0\VC\bin\link.exe /ERRORREPORT:PROMPT /OUT:"D:\Users\Julia\Desktop\Cornell Cup\CornellCup2016\mini-modbot-vision\TerrainCalib\Debug\TerrainCalib.exe" /INCREMENTAL /NOLOGO /LIBPATH:"D:\Users\Julia\Desktop\Cornell Cup\CornellCup2016\mini-modbot-vision\TerrainCalib\TerrainCalib\..\opencv\build\x86\vc12\lib" opencv_world300d.lib opencv_ts300d.lib kernel32.lib user32.lib gdi32.lib winspool.lib comdlg32.lib advapi32.lib shell32.lib ole32.lib oleaut32.lib uuid.lib odbc32.lib odbccp32.lib /MANIFEST /MANIFESTUAC:"level='asInvoker' uiAccess='false'" /manifest:embed /DEBUG /PDB:"D:\Users\Julia\Desktop\Cornell Cup\CornellCup2016\mini-modbot-vision\TerrainCalib\Debug\TerrainCalib.pdb" /SUBSYSTEM:CONSOLE /TLBID:1 /DYNAMICBASE /NXCOMPAT /IMPLIB:"D:\Users\Julia\Desktop\Cornell Cup\CornellCup2016\mini-modbot-vision\TerrainCalib\Debug\TerrainCalib.lib" /MACHINE:X86 Debug\stdafx.obj
         Debug\TerrainCalib.obj
         TerrainCalib.vcxproj -> D:\Users\Julia\Desktop\Cornell Cup\CornellCup2016\mini-modbot-vision\TerrainCalib\Debug\TerrainCalib.exe
     1>Done Building Project "D:\Users\Julia\Desktop\Cornell Cup\CornellCup2016\mini-modbot-vision\TerrainCalib\TerrainCalib\TerrainCalib.vcxproj" (Build target(s)).

Build succeeded.

Time Elapsed 00:00:03.90
